# Logfile created on 2019-03-02 23:03:08 +0900 by logger.rb/54362
  INFO ---------------------------------------------------------------------------
  INFO START 2019-03-02 23:03:08 +0900 cap production deploy
  INFO ---------------------------------------------------------------------------
 DEBUG [484005a5] Running [ -d $HOME/.rbenv/versions/2.3.1 ] as ec2-user@52.192.224.164
 DEBUG [484005a5] Command: [ -d $HOME/.rbenv/versions/2.3.1 ]
 DEBUG [9fb2202a] Finished in 0.347 seconds with exit status 0 (successful).
  INFO [3125de7d] Running /usr/bin/env mkdir -p /tmp as ec2-user@52.192.224.164
 DEBUG [3125de7d] Command: ( export RBENV_ROOT="$HOME/.rbenv" RBENV_VERSION="2.3.1" ; /usr/bin/env mkdir -p /tmp )
  INFO [d1841a84] Finished in 0.093 seconds with exit status 0 (successful).
 DEBUG Uploading /tmp/git-ssh-portfolio-production-tabatayuuta.sh 0.0%
  INFO Uploading /tmp/git-ssh-portfolio-production-tabatayuuta.sh 100.0%
  INFO [bbccd02e] Running /usr/bin/env chmod 700 /tmp/git-ssh-portfolio-production-tabatayuuta.sh as ec2-user@52.192.224.164
 DEBUG [bbccd02e] Command: ( export RBENV_ROOT="$HOME/.rbenv" RBENV_VERSION="2.3.1" ; /usr/bin/env chmod 700 /tmp/git-ssh-portfolio-production-tabatayuuta.sh )
  INFO [54713f0e] Finished in 0.097 seconds with exit status 0 (successful).
  INFO [3592b356] Running /usr/bin/env git ls-remote git@github.com:kurakura0147/portfolio.git HEAD as ec2-user@52.192.224.164
 DEBUG [3592b356] Command: ( export RBENV_ROOT="$HOME/.rbenv" RBENV_VERSION="2.3.1" GIT_ASKPASS="/bin/echo" GIT_SSH="/tmp/git-ssh-portfolio-production-tabatayuuta.sh" ; /usr/bin/env git ls-remote git@github.com:kurakura0147/portfolio.git HEAD )
 DEBUG [a4799dff] 	52085c473d7034a8f0861cdce3a604697375dda0	HEAD
  INFO [a4799dff] Finished in 1.425 seconds with exit status 0 (successful).
  INFO [053af7d4] Running /usr/bin/env mkdir -p /var/www/portfolio/shared /var/www/portfolio/releases as ec2-user@52.192.224.164
 DEBUG [053af7d4] Command: ( export RBENV_ROOT="$HOME/.rbenv" RBENV_VERSION="2.3.1" ; /usr/bin/env mkdir -p /var/www/portfolio/shared /var/www/portfolio/releases )
  INFO [b8b6919b] Finished in 0.050 seconds with exit status 0 (successful).
  INFO [41b977a1] Running /usr/bin/env mkdir -p /var/www/portfolio/shared/log /var/www/portfolio/shared/tmp/pids /var/www/portfolio/shared/tmp/cache /var/www/portfolio/shared/tmp/sockets /var/www/portfolio/shared/vendor/bundle /var/www/portfolio/shared/public/system /var/www/portfolio/shared/public/uploads /var/www/portfolio/shared/public/assets as ec2-user@52.192.224.164
 DEBUG [41b977a1] Command: ( export RBENV_ROOT="$HOME/.rbenv" RBENV_VERSION="2.3.1" ; /usr/bin/env mkdir -p /var/www/portfolio/shared/log /var/www/portfolio/shared/tmp/pids /var/www/portfolio/shared/tmp/cache /var/www/portfolio/shared/tmp/sockets /var/www/portfolio/shared/vendor/bundle /var/www/portfolio/shared/public/system /var/www/portfolio/shared/public/uploads /var/www/portfolio/shared/public/assets )
  INFO [b36dda9d] Finished in 0.109 seconds with exit status 0 (successful).
 DEBUG [d13a8130] Running [ -f /var/www/portfolio/current/REVISION ] as ec2-user@52.192.224.164
 DEBUG [d13a8130] Command: [ -f /var/www/portfolio/current/REVISION ]
 DEBUG [4d8f9507] Finished in 0.095 seconds with exit status 1 (failed).
 DEBUG [dd18bae7] Running [ -f /var/www/portfolio/repo/HEAD ] as ec2-user@52.192.224.164
 DEBUG [dd18bae7] Command: [ -f /var/www/portfolio/repo/HEAD ]
 DEBUG [be43f7c9] Finished in 0.092 seconds with exit status 1 (failed).
 DEBUG [73557878] Running if test ! -d /var/www/portfolio; then echo "Directory does not exist '/var/www/portfolio'" 1>&2; false; fi as ec2-user@52.192.224.164
 DEBUG [73557878] Command: if test ! -d /var/www/portfolio; then echo "Directory does not exist '/var/www/portfolio'" 1>&2; false; fi
 DEBUG [93c7e83d] Finished in 0.093 seconds with exit status 0 (successful).
  INFO [76d717d7] Running /usr/bin/env git clone --mirror git@github.com:kurakura0147/portfolio.git /var/www/portfolio/repo as ec2-user@52.192.224.164
 DEBUG [76d717d7] Command: cd /var/www/portfolio && ( export RBENV_ROOT="$HOME/.rbenv" RBENV_VERSION="2.3.1" GIT_ASKPASS="/bin/echo" GIT_SSH="/tmp/git-ssh-portfolio-production-tabatayuuta.sh" ; /usr/bin/env git clone --mirror git@github.com:kurakura0147/portfolio.git /var/www/portfolio/repo )
 DEBUG [fb212c46] 	Cloning into bare repository '/var/www/portfolio/repo'...
 DEBUG [fb212c46] 	Warning: Permanently added the RSA host key for IP address '192.30.255.112' to the list of known hosts.
  INFO [fb212c46] Finished in 2.497 seconds with exit status 0 (successful).
 DEBUG [e1844b2d] Running if test ! -d /var/www/portfolio/repo; then echo "Directory does not exist '/var/www/portfolio/repo'" 1>&2; false; fi as ec2-user@52.192.224.164
 DEBUG [e1844b2d] Command: if test ! -d /var/www/portfolio/repo; then echo "Directory does not exist '/var/www/portfolio/repo'" 1>&2; false; fi
 DEBUG [953bd2d6] Finished in 0.052 seconds with exit status 0 (successful).
  INFO [f813f6bc] Running /usr/bin/env git remote set-url origin git@github.com:kurakura0147/portfolio.git as ec2-user@52.192.224.164
 DEBUG [f813f6bc] Command: cd /var/www/portfolio/repo && ( export RBENV_ROOT="$HOME/.rbenv" RBENV_VERSION="2.3.1" GIT_ASKPASS="/bin/echo" GIT_SSH="/tmp/git-ssh-portfolio-production-tabatayuuta.sh" ; /usr/bin/env git remote set-url origin git@github.com:kurakura0147/portfolio.git )
  INFO [9c1d04d3] Finished in 0.094 seconds with exit status 0 (successful).
  INFO [04806a3f] Running /usr/bin/env git remote update --prune as ec2-user@52.192.224.164
 DEBUG [04806a3f] Command: cd /var/www/portfolio/repo && ( export RBENV_ROOT="$HOME/.rbenv" RBENV_VERSION="2.3.1" GIT_ASKPASS="/bin/echo" GIT_SSH="/tmp/git-ssh-portfolio-production-tabatayuuta.sh" ; /usr/bin/env git remote update --prune )
 DEBUG [f49902e9] 	Fetching origin
  INFO [f49902e9] Finished in 1.613 seconds with exit status 0 (successful).
 DEBUG [39b22e35] Running if test ! -d /var/www/portfolio/repo; then echo "Directory does not exist '/var/www/portfolio/repo'" 1>&2; false; fi as ec2-user@52.192.224.164
 DEBUG [39b22e35] Command: if test ! -d /var/www/portfolio/repo; then echo "Directory does not exist '/var/www/portfolio/repo'" 1>&2; false; fi
 DEBUG [5ea4b198] Finished in 0.046 seconds with exit status 0 (successful).
  INFO [f0529ca4] Running /usr/bin/env mkdir -p /var/www/portfolio/releases/20190302140310 as ec2-user@52.192.224.164
 DEBUG [f0529ca4] Command: cd /var/www/portfolio/repo && ( export RBENV_ROOT="$HOME/.rbenv" RBENV_VERSION="2.3.1" GIT_ASKPASS="/bin/echo" GIT_SSH="/tmp/git-ssh-portfolio-production-tabatayuuta.sh" ; /usr/bin/env mkdir -p /var/www/portfolio/releases/20190302140310 )
  INFO [6c7b8c5b] Finished in 0.093 seconds with exit status 0 (successful).
  INFO [4d9ff07a] Running /usr/bin/env git archive master | /usr/bin/env tar -x -f - -C /var/www/portfolio/releases/20190302140310 as ec2-user@52.192.224.164
 DEBUG [4d9ff07a] Command: cd /var/www/portfolio/repo && ( export RBENV_ROOT="$HOME/.rbenv" RBENV_VERSION="2.3.1" GIT_ASKPASS="/bin/echo" GIT_SSH="/tmp/git-ssh-portfolio-production-tabatayuuta.sh" ; /usr/bin/env git archive master | /usr/bin/env tar -x -f - -C /var/www/portfolio/releases/20190302140310 )
  INFO [1e1a9e05] Finished in 0.179 seconds with exit status 0 (successful).
 DEBUG [ceea019c] Running if test ! -d /var/www/portfolio/repo; then echo "Directory does not exist '/var/www/portfolio/repo'" 1>&2; false; fi as ec2-user@52.192.224.164
 DEBUG [ceea019c] Command: if test ! -d /var/www/portfolio/repo; then echo "Directory does not exist '/var/www/portfolio/repo'" 1>&2; false; fi
 DEBUG [0818dbe6] Finished in 0.096 seconds with exit status 0 (successful).
 DEBUG [bfc27049] Running /usr/bin/env git rev-list --max-count=1 master as ec2-user@52.192.224.164
 DEBUG [bfc27049] Command: cd /var/www/portfolio/repo && ( export RBENV_ROOT="$HOME/.rbenv" RBENV_VERSION="2.3.1" GIT_ASKPASS="/bin/echo" GIT_SSH="/tmp/git-ssh-portfolio-production-tabatayuuta.sh" ; /usr/bin/env git rev-list --max-count=1 master )
 DEBUG [d7551a87] 	52085c473d7034a8f0861cdce3a604697375dda0
 DEBUG [d7551a87] Finished in 0.097 seconds with exit status 0 (successful).
 DEBUG [40bee477] Running if test ! -d /var/www/portfolio/releases/20190302140310; then echo "Directory does not exist '/var/www/portfolio/releases/20190302140310'" 1>&2; false; fi as ec2-user@52.192.224.164
 DEBUG [40bee477] Command: if test ! -d /var/www/portfolio/releases/20190302140310; then echo "Directory does not exist '/var/www/portfolio/releases/20190302140310'" 1>&2; false; fi
 DEBUG [8152dc05] Finished in 0.100 seconds with exit status 0 (successful).
  INFO [5cc30467] Running /usr/bin/env echo "52085c473d7034a8f0861cdce3a604697375dda0" > REVISION as ec2-user@52.192.224.164
 DEBUG [5cc30467] Command: cd /var/www/portfolio/releases/20190302140310 && ( export RBENV_ROOT="$HOME/.rbenv" RBENV_VERSION="2.3.1" ; /usr/bin/env echo "52085c473d7034a8f0861cdce3a604697375dda0" > REVISION )
  INFO [ed8811a3] Finished in 0.102 seconds with exit status 0 (successful).
  INFO [ec06d5f4] Running /usr/bin/env mkdir -p /var/www/portfolio/releases/20190302140310 /var/www/portfolio/releases/20190302140310/tmp /var/www/portfolio/releases/20190302140310/vendor /var/www/portfolio/releases/20190302140310/public as ec2-user@52.192.224.164
 DEBUG [ec06d5f4] Command: ( export RBENV_ROOT="$HOME/.rbenv" RBENV_VERSION="2.3.1" ; /usr/bin/env mkdir -p /var/www/portfolio/releases/20190302140310 /var/www/portfolio/releases/20190302140310/tmp /var/www/portfolio/releases/20190302140310/vendor /var/www/portfolio/releases/20190302140310/public )
  INFO [ee3f4216] Finished in 0.094 seconds with exit status 0 (successful).
 DEBUG [57b63c95] Running [ -L /var/www/portfolio/releases/20190302140310/log ] as ec2-user@52.192.224.164
 DEBUG [57b63c95] Command: [ -L /var/www/portfolio/releases/20190302140310/log ]
 DEBUG [30911c95] Finished in 0.094 seconds with exit status 1 (failed).
 DEBUG [480c4f31] Running [ -d /var/www/portfolio/releases/20190302140310/log ] as ec2-user@52.192.224.164
 DEBUG [480c4f31] Command: [ -d /var/www/portfolio/releases/20190302140310/log ]
 DEBUG [a9048f66] Finished in 0.095 seconds with exit status 0 (successful).
  INFO [a95bac07] Running /usr/bin/env rm -rf /var/www/portfolio/releases/20190302140310/log as ec2-user@52.192.224.164
 DEBUG [a95bac07] Command: ( export RBENV_ROOT="$HOME/.rbenv" RBENV_VERSION="2.3.1" ; /usr/bin/env rm -rf /var/www/portfolio/releases/20190302140310/log )
  INFO [f7dbce43] Finished in 0.098 seconds with exit status 0 (successful).
  INFO [20ae446f] Running /usr/bin/env ln -s /var/www/portfolio/shared/log /var/www/portfolio/releases/20190302140310/log as ec2-user@52.192.224.164
 DEBUG [20ae446f] Command: ( export RBENV_ROOT="$HOME/.rbenv" RBENV_VERSION="2.3.1" ; /usr/bin/env ln -s /var/www/portfolio/shared/log /var/www/portfolio/releases/20190302140310/log )
  INFO [be4b5906] Finished in 0.110 seconds with exit status 0 (successful).
 DEBUG [548d5a9b] Running [ -L /var/www/portfolio/releases/20190302140310/tmp/pids ] as ec2-user@52.192.224.164
 DEBUG [548d5a9b] Command: [ -L /var/www/portfolio/releases/20190302140310/tmp/pids ]
 DEBUG [feac37a5] Finished in 0.178 seconds with exit status 1 (failed).
 DEBUG [7f29db8a] Running [ -d /var/www/portfolio/releases/20190302140310/tmp/pids ] as ec2-user@52.192.224.164
 DEBUG [7f29db8a] Command: [ -d /var/www/portfolio/releases/20190302140310/tmp/pids ]
 DEBUG [952bab54] Finished in 0.095 seconds with exit status 0 (successful).
  INFO [03084792] Running /usr/bin/env rm -rf /var/www/portfolio/releases/20190302140310/tmp/pids as ec2-user@52.192.224.164
 DEBUG [03084792] Command: ( export RBENV_ROOT="$HOME/.rbenv" RBENV_VERSION="2.3.1" ; /usr/bin/env rm -rf /var/www/portfolio/releases/20190302140310/tmp/pids )
  INFO [a2eca6ed] Finished in 0.096 seconds with exit status 0 (successful).
  INFO [6c42a479] Running /usr/bin/env ln -s /var/www/portfolio/shared/tmp/pids /var/www/portfolio/releases/20190302140310/tmp/pids as ec2-user@52.192.224.164
 DEBUG [6c42a479] Command: ( export RBENV_ROOT="$HOME/.rbenv" RBENV_VERSION="2.3.1" ; /usr/bin/env ln -s /var/www/portfolio/shared/tmp/pids /var/www/portfolio/releases/20190302140310/tmp/pids )
  INFO [6245bc59] Finished in 0.096 seconds with exit status 0 (successful).
 DEBUG [e5b2463d] Running [ -L /var/www/portfolio/releases/20190302140310/tmp/cache ] as ec2-user@52.192.224.164
 DEBUG [e5b2463d] Command: [ -L /var/www/portfolio/releases/20190302140310/tmp/cache ]
 DEBUG [cc78a269] Finished in 0.095 seconds with exit status 1 (failed).
 DEBUG [11d7327a] Running [ -d /var/www/portfolio/releases/20190302140310/tmp/cache ] as ec2-user@52.192.224.164
 DEBUG [11d7327a] Command: [ -d /var/www/portfolio/releases/20190302140310/tmp/cache ]
 DEBUG [700bec7c] Finished in 0.095 seconds with exit status 1 (failed).
  INFO [6f9678da] Running /usr/bin/env ln -s /var/www/portfolio/shared/tmp/cache /var/www/portfolio/releases/20190302140310/tmp/cache as ec2-user@52.192.224.164
 DEBUG [6f9678da] Command: ( export RBENV_ROOT="$HOME/.rbenv" RBENV_VERSION="2.3.1" ; /usr/bin/env ln -s /var/www/portfolio/shared/tmp/cache /var/www/portfolio/releases/20190302140310/tmp/cache )
  INFO [87adbecc] Finished in 0.102 seconds with exit status 0 (successful).
 DEBUG [1682e5ac] Running [ -L /var/www/portfolio/releases/20190302140310/tmp/sockets ] as ec2-user@52.192.224.164
 DEBUG [1682e5ac] Command: [ -L /var/www/portfolio/releases/20190302140310/tmp/sockets ]
 DEBUG [24e3bde9] Finished in 0.092 seconds with exit status 1 (failed).
 DEBUG [f3c086be] Running [ -d /var/www/portfolio/releases/20190302140310/tmp/sockets ] as ec2-user@52.192.224.164
 DEBUG [f3c086be] Command: [ -d /var/www/portfolio/releases/20190302140310/tmp/sockets ]
 DEBUG [5c58b4d6] Finished in 0.095 seconds with exit status 1 (failed).
  INFO [10a63935] Running /usr/bin/env ln -s /var/www/portfolio/shared/tmp/sockets /var/www/portfolio/releases/20190302140310/tmp/sockets as ec2-user@52.192.224.164
 DEBUG [10a63935] Command: ( export RBENV_ROOT="$HOME/.rbenv" RBENV_VERSION="2.3.1" ; /usr/bin/env ln -s /var/www/portfolio/shared/tmp/sockets /var/www/portfolio/releases/20190302140310/tmp/sockets )
  INFO [69d646ab] Finished in 0.092 seconds with exit status 0 (successful).
 DEBUG [d66496c6] Running [ -L /var/www/portfolio/releases/20190302140310/vendor/bundle ] as ec2-user@52.192.224.164
 DEBUG [d66496c6] Command: [ -L /var/www/portfolio/releases/20190302140310/vendor/bundle ]
 DEBUG [a316d2ce] Finished in 0.161 seconds with exit status 1 (failed).
 DEBUG [45fc36f0] Running [ -d /var/www/portfolio/releases/20190302140310/vendor/bundle ] as ec2-user@52.192.224.164
 DEBUG [45fc36f0] Command: [ -d /var/www/portfolio/releases/20190302140310/vendor/bundle ]
 DEBUG [4061f54b] Finished in 0.095 seconds with exit status 1 (failed).
  INFO [24d6327a] Running /usr/bin/env ln -s /var/www/portfolio/shared/vendor/bundle /var/www/portfolio/releases/20190302140310/vendor/bundle as ec2-user@52.192.224.164
 DEBUG [24d6327a] Command: ( export RBENV_ROOT="$HOME/.rbenv" RBENV_VERSION="2.3.1" ; /usr/bin/env ln -s /var/www/portfolio/shared/vendor/bundle /var/www/portfolio/releases/20190302140310/vendor/bundle )
  INFO [501e772e] Finished in 0.096 seconds with exit status 0 (successful).
 DEBUG [8101c12b] Running [ -L /var/www/portfolio/releases/20190302140310/public/system ] as ec2-user@52.192.224.164
 DEBUG [8101c12b] Command: [ -L /var/www/portfolio/releases/20190302140310/public/system ]
 DEBUG [ed9ba815] Finished in 0.094 seconds with exit status 1 (failed).
 DEBUG [970a5cce] Running [ -d /var/www/portfolio/releases/20190302140310/public/system ] as ec2-user@52.192.224.164
 DEBUG [970a5cce] Command: [ -d /var/www/portfolio/releases/20190302140310/public/system ]
 DEBUG [df6baecd] Finished in 0.109 seconds with exit status 1 (failed).
  INFO [a4410b05] Running /usr/bin/env ln -s /var/www/portfolio/shared/public/system /var/www/portfolio/releases/20190302140310/public/system as ec2-user@52.192.224.164
 DEBUG [a4410b05] Command: ( export RBENV_ROOT="$HOME/.rbenv" RBENV_VERSION="2.3.1" ; /usr/bin/env ln -s /var/www/portfolio/shared/public/system /var/www/portfolio/releases/20190302140310/public/system )
  INFO [8fad06ed] Finished in 0.096 seconds with exit status 0 (successful).
 DEBUG [2d9eb0bf] Running [ -L /var/www/portfolio/releases/20190302140310/public/uploads ] as ec2-user@52.192.224.164
 DEBUG [2d9eb0bf] Command: [ -L /var/www/portfolio/releases/20190302140310/public/uploads ]
 DEBUG [88176023] Finished in 0.094 seconds with exit status 1 (failed).
 DEBUG [467007d7] Running [ -d /var/www/portfolio/releases/20190302140310/public/uploads ] as ec2-user@52.192.224.164
 DEBUG [467007d7] Command: [ -d /var/www/portfolio/releases/20190302140310/public/uploads ]
 DEBUG [e86a7c87] Finished in 0.106 seconds with exit status 0 (successful).
  INFO [730fe9d6] Running /usr/bin/env rm -rf /var/www/portfolio/releases/20190302140310/public/uploads as ec2-user@52.192.224.164
 DEBUG [730fe9d6] Command: ( export RBENV_ROOT="$HOME/.rbenv" RBENV_VERSION="2.3.1" ; /usr/bin/env rm -rf /var/www/portfolio/releases/20190302140310/public/uploads )
  INFO [2a70b820] Finished in 0.093 seconds with exit status 0 (successful).
  INFO [2f3acaa5] Running /usr/bin/env ln -s /var/www/portfolio/shared/public/uploads /var/www/portfolio/releases/20190302140310/public/uploads as ec2-user@52.192.224.164
 DEBUG [2f3acaa5] Command: ( export RBENV_ROOT="$HOME/.rbenv" RBENV_VERSION="2.3.1" ; /usr/bin/env ln -s /var/www/portfolio/shared/public/uploads /var/www/portfolio/releases/20190302140310/public/uploads )
  INFO [e2fa0366] Finished in 0.095 seconds with exit status 0 (successful).
 DEBUG [fce7e66b] Running [ -L /var/www/portfolio/releases/20190302140310/public/assets ] as ec2-user@52.192.224.164
 DEBUG [fce7e66b] Command: [ -L /var/www/portfolio/releases/20190302140310/public/assets ]
 DEBUG [8175a017] Finished in 0.165 seconds with exit status 1 (failed).
 DEBUG [930f3617] Running [ -d /var/www/portfolio/releases/20190302140310/public/assets ] as ec2-user@52.192.224.164
 DEBUG [930f3617] Command: [ -d /var/www/portfolio/releases/20190302140310/public/assets ]
 DEBUG [5eca187d] Finished in 0.095 seconds with exit status 1 (failed).
  INFO [ecad6ef9] Running /usr/bin/env ln -s /var/www/portfolio/shared/public/assets /var/www/portfolio/releases/20190302140310/public/assets as ec2-user@52.192.224.164
 DEBUG [ecad6ef9] Command: ( export RBENV_ROOT="$HOME/.rbenv" RBENV_VERSION="2.3.1" ; /usr/bin/env ln -s /var/www/portfolio/shared/public/assets /var/www/portfolio/releases/20190302140310/public/assets )
  INFO [8b539481] Finished in 0.093 seconds with exit status 0 (successful).
 DEBUG [d9b60e3a] Running if test ! -d /var/www/portfolio/releases/20190302140310; then echo "Directory does not exist '/var/www/portfolio/releases/20190302140310'" 1>&2; false; fi as ec2-user@52.192.224.164
 DEBUG [d9b60e3a] Command: if test ! -d /var/www/portfolio/releases/20190302140310; then echo "Directory does not exist '/var/www/portfolio/releases/20190302140310'" 1>&2; false; fi
 DEBUG [b5a63b6b] Finished in 0.093 seconds with exit status 0 (successful).
 DEBUG [a407ec73] Running $HOME/.rbenv/bin/rbenv exec bundle check --path /var/www/portfolio/shared/bundle as ec2-user@52.192.224.164
 DEBUG [a407ec73] Command: cd /var/www/portfolio/releases/20190302140310 && ( export RBENV_ROOT="$HOME/.rbenv" RBENV_VERSION="2.3.1" ; $HOME/.rbenv/bin/rbenv exec bundle check --path /var/www/portfolio/shared/bundle )
 DEBUG [cbe34806] 	The dependency tzinfo-data (>= 0) will be unused by any of the platforms Bundler is installing for. Bundler is installing for ruby but the dependency is only for x86-mingw32, x86-mswin32, x64-mingw32, java. To add those platforms to the bundle, run `bundle lock --add-platform x86-mingw32 x86-mswin32 x64-mingw32 java`.
 DEBUG [cbe34806] 	The following gems are missing
 DEBUG [cbe34806] 	 * rake (12.3.2)
 DEBUG [cbe34806] 	 * concurrent-ruby (1.1.4)
 DEBUG [cbe34806] 	 * i18n (1.5.3)
 DEBUG [cbe34806] 	 * minitest (5.11.3)
 DEBUG [cbe34806] 	 * thread_safe (0.3.6)
 DEBUG [cbe34806] 	 * tzinfo (1.2.5)
 DEBUG [cbe34806] 	 * activesupport (5.0.7.1)
 DEBUG [cbe34806] 	 * builder (3.2.3)
 DEBUG [cbe34806] 	 * erubis (2.7.0)
 DEBUG [cbe34806] 	 * mini_portile2 (2.4.0)
 DEBUG [cbe34806] 	 * nokogiri (1.10.1)
 DEBUG [cbe34806] 	 * rails-dom-testing (2.0.3)
 DEBUG [cbe34806] 	 * crass (1.0.4)
 DEBUG [cbe34806] 	 * loofah (2.2.3)
 DEBUG [cbe34806] 	 * rails-html-sanitizer (1.0.4)
 DEBUG [cbe34806] 	 * actionview (5.0.7.1)
 DEBUG [cbe34806] 	 * rack (2.0.6)
 DEBUG [cbe34806] 	 * rack-test (0.6.3)
 DEBUG [cbe34806] 	 * actionpack (5.0.7.1)
 DEBUG [cbe34806] 	 * nio4r (2.3.1)
 DEBUG [cbe34806] 	 * websocket-extensions (0.1.3)
 DEBUG [cbe34806] 	 * websocket-driver (0.6.5)
 DEBUG [cbe34806] 	 * actioncable (5.0.7.1)
 DEBUG [cbe34806] 	 * globalid (0.4.2)
 DEBUG [cbe34806] 	 * activejob (5.0.7.1)
 DEBUG [cbe34806] 	 * mini_mime (1.0.1)
 DEBUG [cbe34806] 	 * mail (2.7.1)
 DEBUG [cbe34806] 	 * actionmailer (5.0.7.1)
 DEBUG [cbe34806] 	 * activemodel (5.0.7.1)
 DEBUG [cbe34806] 	 * arel (7.1.4)
 DEBUG [cbe34806] 	 * activerecord (5.0.7.1)
 DEBUG [cbe34806] 	 * net-ssh (5.1.0)
 DEBUG [cbe34806] 	 * net-scp (1.2.1)
 DEBUG [cbe34806] 	 * sshkit (1.18.2)
 DEBUG [cbe34806] 	 * airbrussh (1.3.1)
 DEBUG [cbe34806] 	 * bcrypt (3.1.12)
 DEBUG [cbe34806] 	 * bindex (0.5.0)
 DEBUG [cbe34806] 	 * byebug (11.0.0)
 DEBUG [cbe34806] 	 * capistrano (3.11.0)
 DEBUG [cbe34806] 	 * capistrano-bundler (1.5.0)
 DEBUG [cbe34806] 	 * capistrano-rails (1.4.0)
 DEBUG [cbe34806] 	 * capistrano-rbenv (2.1.4)
 DEBUG [cbe34806] 	 * capistrano3-unicorn (0.2.1)
 DEBUG [cbe34806] 	 * mime-types-data (3.2018.0812)
 DEBUG [cbe34806] 	 * mime-types (3.2.2)
 DEBUG [cbe34806] 	 * carrierwave (1.3.1)
 DEBUG [cbe34806] 	 * coderay (1.1.2)
 DEBUG [cbe34806] 	 * coffee-script-source (1.12.2)
 DEBUG [cbe34806] 	 * execjs (2.7.0)
 DEBUG [cbe34806] 	 * coffee-script (2.4.1)
 DEBUG [cbe34806] 	 * method_source (0.9.2)
 DEBUG [cbe34806] 	 * thor (0.20.3)
 DEBUG [cbe34806] 	 * railties (5.0.7.1)
 DEBUG [cbe34806] 	 * coffee-rails (4.2.2)
 DEBUG [cbe34806] 	 * orm_adapter (0.5.0)
 DEBUG [cbe34806] 	 * responders (2.4.0)
 DEBUG [cbe34806] 	 * warden (1.2.8)
 DEBUG [cbe34806] 	 * devise (4.5.0)
 DEBUG [cbe34806] 	 * temple (0.8.0)
 DEBUG [cbe34806] 	 * tilt (2.0.9)
 DEBUG [cbe34806] 	 * haml (5.0.4)
 DEBUG [cbe34806] 	 * sexp_processor (4.11.0)
 DEBUG [cbe34806] 	 * ruby_parser (3.12.0)
 DEBUG [cbe34806] 	 * html2haml (2.2.0)
 DEBUG [cbe34806] 	 * erb2haml (0.1.5)
 DEBUG [cbe34806] 	 * ffi (1.10.0)
 DEBUG [cbe34806] 	 * haml-rails (1.0.0)
 DEBUG [cbe34806] 	 * multi_json (1.13.1)
 DEBUG [cbe34806] 	 * jbuilder (2.8.0)
 DEBUG [cbe34806] 	 * jquery-rails (4.3.3)
 DEBUG [cbe34806] 	 * kgio (2.11.2)
 DEBUG [cbe34806] 	 * rb-fsevent (0.10.3)
 DEBUG [cbe34806] 	 * rb-inotify (0.10.0)
 DEBUG [cbe34806] 	 * listen (3.0.8)
 DEBUG [cbe34806] 	 * mysql2 (0.5.2)
 DEBUG [cbe34806] 	 * pry (0.12.2)
 DEBUG [cbe34806] 	 * pry-byebug (3.7.0)
 DEBUG [cbe34806] 	 * pry-rails (0.3.9)
 DEBUG [cbe34806] 	 * puma (3.12.0)
 DEBUG [cbe34806] 	 * sprockets (3.7.2)
 DEBUG [cbe34806] 	 * sprockets-rails (3.2.1)
 DEBUG [cbe34806] 	 * rails (5.0.7.1)
 DEBUG [cbe34806] 	 * raindrops (0.19.0)
 DEBUG [cbe34806] 	 * sass-listen (4.0.0)
 DEBUG [cbe34806] 	 * sass (3.7.3)
 DEBUG [cbe34806] 	 * sass-rails (5.0.7)
 DEBUG [cbe34806] 	 * spring (2.0.2)
 DEBUG [cbe34806] 	 * spring-watcher-listen (2.0.1)
 DEBUG [cbe34806] 	 * turbolinks-source (5.2.0)
 DEBUG [cbe34806] 	 * turbolinks (5.2.0)
 DEBUG [cbe34806] 	 * uglifier (4.1.20)
 DEBUG [cbe34806] 	 * unicorn (5.4.1)
 DEBUG [cbe34806] 	 * web-console (3.7.0)
 DEBUG [cbe34806] 	Install missing gems with `bundle install`
 DEBUG [cbe34806] Finished in 0.378 seconds with exit status 1 (failed).
  INFO [fc1eab47] Running $HOME/.rbenv/bin/rbenv exec bundle install --path /var/www/portfolio/shared/bundle --jobs 4 --without development test --deployment --quiet as ec2-user@52.192.224.164
 DEBUG [fc1eab47] Command: cd /var/www/portfolio/releases/20190302140310 && ( export RBENV_ROOT="$HOME/.rbenv" RBENV_VERSION="2.3.1" ; $HOME/.rbenv/bin/rbenv exec bundle install --path /var/www/portfolio/shared/bundle --jobs 4 --without development test --deployment --quiet )
 DEBUG [44773366] 	Gem::Ext::BuildError: ERROR: Failed to build gem native extension.

current directory:
/var/www/portfolio/shared/bundle/ruby/2.3.0/gems/nokogiri-1.10.1/ext/nokogiri
/home/ec2-user/.rbenv/versions/2.3.1/bin/ruby -r
./siteconf20190302-7802-6khz9i.rb extconf.rb
checking if the C compiler accepts ... yes
Building nokogiri using packaged libraries.
Using mini_portile version 2.4.0
checking for gzdopen() in -lz... yes
checking for iconv... yes
************************************************************************
IMPORTANT NOTICE:

Building Nokogiri with a packaged version of libxml2-2.9.9
with the following patches applied:
	- 0001-Revert-Do-not-URI-escape-in-server-side-includes.patch

Team Nokogiri will keep on doing their best to provide security
updates in a timely manner, but if this is a concern for you and want
to use the system library instead; abort this installation process and
reinstall nokogiri as follows:

    gem install nokogiri -- --use-system-libraries
        [--with-xml2-config=/path/to/xml2-config]
        [--with-xslt-config=/path/to/xslt-config]

If you are using Bundler, tell it to use the option:

    bundle config build.nokogiri --use-system-libraries
    bundle install

Note, however, that nokogiri is not fully compatible with arbitrary
versions of libxml2 provided by OS/package vendors.
************************************************************************
Extracting libxml2-2.9.9.tar.gz into
tmp/x86_64-pc-linux-gnu/ports/libxml2/2.9.9... OK
Running git apply with
/var/www/portfolio/shared/bundle/ruby/2.3.0/gems/nokogiri-1.10.1/patches/libxml2/0001-Revert-Do-not-URI-escape-in-server-side-includes.patch...
OK
Running 'configure' for libxml2 2.9.9... OK
Running 'compile' for libxml2 2.9.9... ERROR, review
'/var/www/portfolio/shared/bundle/ruby/2.3.0/gems/nokogiri-1.10.1/ext/nokogiri/tmp/x86_64-pc-linux-gnu/ports/libxml2/2.9.9/compile.log'
to see what happened. Last lines are:
========================================================================
  CC       debugXML.lo
  CC       xpath.lo
  CC       xpointer.lo
  CC       xinclude.lo
  CC       nanohttp.lo
  CC       nanoftp.lo
  CC       catalog.lo
  CC       globals.lo
  CC       threads.lo
  CC       c14n.lo
  CC       xmlstring.lo
  CC       buf.lo
  CC       xmlregexp.lo
  CC       xmlschemas.lo
virtual memory exhausted: メモリを確保できません
make[2]: *** [xmlschemas.lo] エラー 1
make[2]: ディレクトリ
`/var/www/portfolio/shared/bundle/ruby/2.3.0/gems/nokogiri-1.10.1/ext/nokogiri/tmp/x86_64-pc-linux-gnu/ports/libxml2/2.9.9/libxml2-2.9.9'
から出ます
make[1]: *** [all-recursive] エラー 1
make[1]: ディレクトリ
`/var/www/portfolio/shared/bundle/ruby/2.3.0/gems/nokogiri-1.10.1/ext/nokogiri/tmp/x86_64-pc-linux-gnu/ports/libxml2/2.9.9/libxml2-2.9.9'
から出ます
make: *** [all] エラー 2
========================================================================
*** extconf.rb failed ***
Could not create Makefile due to some reason, probably lack of necessary
libraries and/or headers.  Check the mkmf.log file for more details.  You may
need configuration options.

Provided configuration options:
	--with-opt-dir
	--without-opt-dir
	--with-opt-include
	--without-opt-include=${opt-dir}/include
	--with-opt-lib
	--without-opt-lib=${opt-dir}/lib
	--with-make-prog
	--without-make-prog
	--srcdir=.
	--curdir
	--ruby=/home/ec2-user/.rbenv/versions/2.3.1/bin/$(RUBY_BASE_NAME)
	--help
	--clean
	--use-system-libraries
	--enable-static
	--disable-static
	--with-zlib-dir
	--without-zlib-dir
	--with-zlib-include
	--without-zlib-include=${zlib-dir}/include
	--with-zlib-lib
	--without-zlib-lib=${zlib-dir}/lib
	--enable-cross-build
	--disable-cross-build
/var/www/portfolio/shared/bundle/ruby/2.3.0/gems/mini_portile2-2.4.0/lib/mini_portile2/mini_portile.rb:402:in
`block in execute': Failed to complete compile task (RuntimeError)
from
/var/www/portfolio/shared/bundle/ruby/2.3.0/gems/mini_portile2-2.4.0/lib/mini_portile2/mini_portile.rb:373:in
`chdir'
from
/var/www/portfolio/shared/bundle/ruby/2.3.0/gems/mini_portile2-2.4.0/lib/mini_portile2/mini_portile.rb:373:in
`execute'
from
/var/www/portfolio/shared/bundle/ruby/2.3.0/gems/mini_portile2-2.4.0/lib/mini_portile2/mini_portile.rb:115:in
`compile'
from
/var/www/portfolio/shared/bundle/ruby/2.3.0/gems/mini_portile2-2.4.0/lib/mini_portile2/mini_portile.rb:154:in
`cook'
	from extconf.rb:365:in `block (2 levels) in process_recipe'
	from extconf.rb:257:in `block in chdir_for_build'
	from extconf.rb:256:in `chdir'
	from extconf.rb:256:in `chdir_for_build'
	from extconf.rb:364:in `block in process_recipe'
	from extconf.rb:262:in `tap'
	from extconf.rb:262:in `process_recipe'
	from extconf.rb:557:in `<main>'

To see why this extension failed to compile, please check the mkmf.log which can
be found here:

/var/www/portfolio/shared/bundle/ruby/2.3.0/extensions/x86_64-linux/2.3.0-static/nokogiri-1.10.1/mkmf.log

extconf failed, exit code 1

Gem files will remain installed in
/var/www/portfolio/shared/bundle/ruby/2.3.0/gems/nokogiri-1.10.1 for inspection.
Results logged to
/var/www/portfolio/shared/bundle/ruby/2.3.0/extensions/x86_64-linux/2.3.0-static/nokogiri-1.10.1/gem_make.out

An error occurred while installing nokogiri (1.10.1), and Bundler cannot
continue.
Make sure that `gem install nokogiri -v '1.10.1' --source
'https://rubygems.org/'` succeeds before bundling.

In Gemfile:
  rails was resolved to 5.0.7.1, which depends on
    actioncable was resolved to 5.0.7.1, which depends on
      actionpack was resolved to 5.0.7.1, which depends on
        actionview was resolved to 5.0.7.1, which depends on
          rails-dom-testing was resolved to 2.0.3, which depends on
            nokogiri
  INFO ---------------------------------------------------------------------------
  INFO START 2019-03-02 23:23:31 +0900 cap production deploy
  INFO ---------------------------------------------------------------------------
 DEBUG [d5dea53c] Running [ -d $HOME/.rbenv/versions/2.3.1 ] as ec2-user@52.192.224.164
 DEBUG [d5dea53c] Command: [ -d $HOME/.rbenv/versions/2.3.1 ]
 DEBUG [316dab35] Finished in 0.450 seconds with exit status 0 (successful).
  INFO [2cd0657c] Running /usr/bin/env mkdir -p /tmp as ec2-user@52.192.224.164
 DEBUG [2cd0657c] Command: ( export RBENV_ROOT="$HOME/.rbenv" RBENV_VERSION="2.3.1" ; /usr/bin/env mkdir -p /tmp )
  INFO [511751da] Finished in 0.070 seconds with exit status 0 (successful).
 DEBUG Uploading /tmp/git-ssh-portfolio-production-tabatayuuta.sh 0.0%
  INFO Uploading /tmp/git-ssh-portfolio-production-tabatayuuta.sh 100.0%
  INFO [fa9c7665] Running /usr/bin/env chmod 700 /tmp/git-ssh-portfolio-production-tabatayuuta.sh as ec2-user@52.192.224.164
 DEBUG [fa9c7665] Command: ( export RBENV_ROOT="$HOME/.rbenv" RBENV_VERSION="2.3.1" ; /usr/bin/env chmod 700 /tmp/git-ssh-portfolio-production-tabatayuuta.sh )
  INFO [920f099a] Finished in 0.072 seconds with exit status 0 (successful).
  INFO [6147568b] Running /usr/bin/env git ls-remote git@github.com:kurakura0147/portfolio.git HEAD as ec2-user@52.192.224.164
 DEBUG [6147568b] Command: ( export RBENV_ROOT="$HOME/.rbenv" RBENV_VERSION="2.3.1" GIT_ASKPASS="/bin/echo" GIT_SSH="/tmp/git-ssh-portfolio-production-tabatayuuta.sh" ; /usr/bin/env git ls-remote git@github.com:kurakura0147/portfolio.git HEAD )
 DEBUG [e66919ab] 	52085c473d7034a8f0861cdce3a604697375dda0	HEAD
  INFO [e66919ab] Finished in 1.397 seconds with exit status 0 (successful).
  INFO [b31a345b] Running /usr/bin/env mkdir -p /var/www/portfolio/shared /var/www/portfolio/releases as ec2-user@52.192.224.164
 DEBUG [b31a345b] Command: ( export RBENV_ROOT="$HOME/.rbenv" RBENV_VERSION="2.3.1" ; /usr/bin/env mkdir -p /var/www/portfolio/shared /var/www/portfolio/releases )
  INFO [aa2a726f] Finished in 0.030 seconds with exit status 0 (successful).
  INFO [100019d0] Running /usr/bin/env mkdir -p /var/www/portfolio/shared/log /var/www/portfolio/shared/tmp/pids /var/www/portfolio/shared/tmp/cache /var/www/portfolio/shared/tmp/sockets /var/www/portfolio/shared/vendor/bundle /var/www/portfolio/shared/public/system /var/www/portfolio/shared/public/uploads /var/www/portfolio/shared/public/assets as ec2-user@52.192.224.164
 DEBUG [100019d0] Command: ( export RBENV_ROOT="$HOME/.rbenv" RBENV_VERSION="2.3.1" ; /usr/bin/env mkdir -p /var/www/portfolio/shared/log /var/www/portfolio/shared/tmp/pids /var/www/portfolio/shared/tmp/cache /var/www/portfolio/shared/tmp/sockets /var/www/portfolio/shared/vendor/bundle /var/www/portfolio/shared/public/system /var/www/portfolio/shared/public/uploads /var/www/portfolio/shared/public/assets )
  INFO [62f36323] Finished in 0.072 seconds with exit status 0 (successful).
 DEBUG [ebfafdd3] Running [ -f /var/www/portfolio/current/REVISION ] as ec2-user@52.192.224.164
 DEBUG [ebfafdd3] Command: [ -f /var/www/portfolio/current/REVISION ]
 DEBUG [abe145b8] Finished in 0.073 seconds with exit status 1 (failed).
 DEBUG [86265ac3] Running [ -f /var/www/portfolio/repo/HEAD ] as ec2-user@52.192.224.164
 DEBUG [86265ac3] Command: [ -f /var/www/portfolio/repo/HEAD ]
 DEBUG [6b3d9e91] Finished in 0.082 seconds with exit status 0 (successful).
  INFO The repository mirror is at /var/www/portfolio/repo
 DEBUG [9bf23f54] Running if test ! -d /var/www/portfolio/repo; then echo "Directory does not exist '/var/www/portfolio/repo'" 1>&2; false; fi as ec2-user@52.192.224.164
 DEBUG [9bf23f54] Command: if test ! -d /var/www/portfolio/repo; then echo "Directory does not exist '/var/www/portfolio/repo'" 1>&2; false; fi
 DEBUG [66269f61] Finished in 0.072 seconds with exit status 0 (successful).
  INFO [fce9d7b6] Running /usr/bin/env git remote set-url origin git@github.com:kurakura0147/portfolio.git as ec2-user@52.192.224.164
 DEBUG [fce9d7b6] Command: cd /var/www/portfolio/repo && ( export RBENV_ROOT="$HOME/.rbenv" RBENV_VERSION="2.3.1" GIT_ASKPASS="/bin/echo" GIT_SSH="/tmp/git-ssh-portfolio-production-tabatayuuta.sh" ; /usr/bin/env git remote set-url origin git@github.com:kurakura0147/portfolio.git )
  INFO [3f3689e6] Finished in 0.077 seconds with exit status 0 (successful).
  INFO [739728c9] Running /usr/bin/env git remote update --prune as ec2-user@52.192.224.164
 DEBUG [739728c9] Command: cd /var/www/portfolio/repo && ( export RBENV_ROOT="$HOME/.rbenv" RBENV_VERSION="2.3.1" GIT_ASKPASS="/bin/echo" GIT_SSH="/tmp/git-ssh-portfolio-production-tabatayuuta.sh" ; /usr/bin/env git remote update --prune )
 DEBUG [c27791a5] 	Fetching origin
  INFO [c27791a5] Finished in 1.329 seconds with exit status 0 (successful).
 DEBUG [50558821] Running if test ! -d /var/www/portfolio/repo; then echo "Directory does not exist '/var/www/portfolio/repo'" 1>&2; false; fi as ec2-user@52.192.224.164
 DEBUG [50558821] Command: if test ! -d /var/www/portfolio/repo; then echo "Directory does not exist '/var/www/portfolio/repo'" 1>&2; false; fi
 DEBUG [cc1f2964] Finished in 0.027 seconds with exit status 0 (successful).
  INFO [0652247d] Running /usr/bin/env mkdir -p /var/www/portfolio/releases/20190302142334 as ec2-user@52.192.224.164
 DEBUG [0652247d] Command: cd /var/www/portfolio/repo && ( export RBENV_ROOT="$HOME/.rbenv" RBENV_VERSION="2.3.1" GIT_ASKPASS="/bin/echo" GIT_SSH="/tmp/git-ssh-portfolio-production-tabatayuuta.sh" ; /usr/bin/env mkdir -p /var/www/portfolio/releases/20190302142334 )
  INFO [1940d653] Finished in 0.089 seconds with exit status 0 (successful).
  INFO [f56f3265] Running /usr/bin/env git archive master | /usr/bin/env tar -x -f - -C /var/www/portfolio/releases/20190302142334 as ec2-user@52.192.224.164
 DEBUG [f56f3265] Command: cd /var/www/portfolio/repo && ( export RBENV_ROOT="$HOME/.rbenv" RBENV_VERSION="2.3.1" GIT_ASKPASS="/bin/echo" GIT_SSH="/tmp/git-ssh-portfolio-production-tabatayuuta.sh" ; /usr/bin/env git archive master | /usr/bin/env tar -x -f - -C /var/www/portfolio/releases/20190302142334 )
  INFO [44e845ec] Finished in 0.143 seconds with exit status 0 (successful).
 DEBUG [98665a28] Running if test ! -d /var/www/portfolio/repo; then echo "Directory does not exist '/var/www/portfolio/repo'" 1>&2; false; fi as ec2-user@52.192.224.164
 DEBUG [98665a28] Command: if test ! -d /var/www/portfolio/repo; then echo "Directory does not exist '/var/www/portfolio/repo'" 1>&2; false; fi
 DEBUG [1c702c77] Finished in 0.083 seconds with exit status 0 (successful).
 DEBUG [598506da] Running /usr/bin/env git rev-list --max-count=1 master as ec2-user@52.192.224.164
 DEBUG [598506da] Command: cd /var/www/portfolio/repo && ( export RBENV_ROOT="$HOME/.rbenv" RBENV_VERSION="2.3.1" GIT_ASKPASS="/bin/echo" GIT_SSH="/tmp/git-ssh-portfolio-production-tabatayuuta.sh" ; /usr/bin/env git rev-list --max-count=1 master )
 DEBUG [2b839c20] 	52085c473d7034a8f0861cdce3a604697375dda0
 DEBUG [2b839c20] Finished in 0.075 seconds with exit status 0 (successful).
 DEBUG [47866030] Running if test ! -d /var/www/portfolio/releases/20190302142334; then echo "Directory does not exist '/var/www/portfolio/releases/20190302142334'" 1>&2; false; fi as ec2-user@52.192.224.164
 DEBUG [47866030] Command: if test ! -d /var/www/portfolio/releases/20190302142334; then echo "Directory does not exist '/var/www/portfolio/releases/20190302142334'" 1>&2; false; fi
 DEBUG [6a17e3f8] Finished in 0.072 seconds with exit status 0 (successful).
  INFO [bb514e8c] Running /usr/bin/env echo "52085c473d7034a8f0861cdce3a604697375dda0" > REVISION as ec2-user@52.192.224.164
 DEBUG [bb514e8c] Command: cd /var/www/portfolio/releases/20190302142334 && ( export RBENV_ROOT="$HOME/.rbenv" RBENV_VERSION="2.3.1" ; /usr/bin/env echo "52085c473d7034a8f0861cdce3a604697375dda0" > REVISION )
  INFO [da6cbcaf] Finished in 0.081 seconds with exit status 0 (successful).
  INFO [c5464fc3] Running /usr/bin/env mkdir -p /var/www/portfolio/releases/20190302142334 /var/www/portfolio/releases/20190302142334/tmp /var/www/portfolio/releases/20190302142334/vendor /var/www/portfolio/releases/20190302142334/public as ec2-user@52.192.224.164
 DEBUG [c5464fc3] Command: ( export RBENV_ROOT="$HOME/.rbenv" RBENV_VERSION="2.3.1" ; /usr/bin/env mkdir -p /var/www/portfolio/releases/20190302142334 /var/www/portfolio/releases/20190302142334/tmp /var/www/portfolio/releases/20190302142334/vendor /var/www/portfolio/releases/20190302142334/public )
  INFO [92a217c7] Finished in 0.070 seconds with exit status 0 (successful).
 DEBUG [bc866fc6] Running [ -L /var/www/portfolio/releases/20190302142334/log ] as ec2-user@52.192.224.164
 DEBUG [bc866fc6] Command: [ -L /var/www/portfolio/releases/20190302142334/log ]
 DEBUG [cd61de43] Finished in 0.083 seconds with exit status 1 (failed).
 DEBUG [e2f74cce] Running [ -d /var/www/portfolio/releases/20190302142334/log ] as ec2-user@52.192.224.164
 DEBUG [e2f74cce] Command: [ -d /var/www/portfolio/releases/20190302142334/log ]
 DEBUG [ccf4c071] Finished in 0.075 seconds with exit status 0 (successful).
  INFO [797ebe1f] Running /usr/bin/env rm -rf /var/www/portfolio/releases/20190302142334/log as ec2-user@52.192.224.164
 DEBUG [797ebe1f] Command: ( export RBENV_ROOT="$HOME/.rbenv" RBENV_VERSION="2.3.1" ; /usr/bin/env rm -rf /var/www/portfolio/releases/20190302142334/log )
  INFO [c2474b30] Finished in 0.082 seconds with exit status 0 (successful).
  INFO [01e34de2] Running /usr/bin/env ln -s /var/www/portfolio/shared/log /var/www/portfolio/releases/20190302142334/log as ec2-user@52.192.224.164
 DEBUG [01e34de2] Command: ( export RBENV_ROOT="$HOME/.rbenv" RBENV_VERSION="2.3.1" ; /usr/bin/env ln -s /var/www/portfolio/shared/log /var/www/portfolio/releases/20190302142334/log )
  INFO [cc27fce5] Finished in 0.074 seconds with exit status 0 (successful).
 DEBUG [8a4a87eb] Running [ -L /var/www/portfolio/releases/20190302142334/tmp/pids ] as ec2-user@52.192.224.164
 DEBUG [8a4a87eb] Command: [ -L /var/www/portfolio/releases/20190302142334/tmp/pids ]
 DEBUG [0b95aad6] Finished in 0.070 seconds with exit status 1 (failed).
 DEBUG [dc111d73] Running [ -d /var/www/portfolio/releases/20190302142334/tmp/pids ] as ec2-user@52.192.224.164
 DEBUG [dc111d73] Command: [ -d /var/www/portfolio/releases/20190302142334/tmp/pids ]
 DEBUG [20cb56f2] Finished in 0.074 seconds with exit status 0 (successful).
  INFO [09e9411f] Running /usr/bin/env rm -rf /var/www/portfolio/releases/20190302142334/tmp/pids as ec2-user@52.192.224.164
 DEBUG [09e9411f] Command: ( export RBENV_ROOT="$HOME/.rbenv" RBENV_VERSION="2.3.1" ; /usr/bin/env rm -rf /var/www/portfolio/releases/20190302142334/tmp/pids )
  INFO [938d67e0] Finished in 0.075 seconds with exit status 0 (successful).
  INFO [9f1ec13f] Running /usr/bin/env ln -s /var/www/portfolio/shared/tmp/pids /var/www/portfolio/releases/20190302142334/tmp/pids as ec2-user@52.192.224.164
 DEBUG [9f1ec13f] Command: ( export RBENV_ROOT="$HOME/.rbenv" RBENV_VERSION="2.3.1" ; /usr/bin/env ln -s /var/www/portfolio/shared/tmp/pids /var/www/portfolio/releases/20190302142334/tmp/pids )
  INFO [ddd074ea] Finished in 0.152 seconds with exit status 0 (successful).
 DEBUG [7dc4d731] Running [ -L /var/www/portfolio/releases/20190302142334/tmp/cache ] as ec2-user@52.192.224.164
 DEBUG [7dc4d731] Command: [ -L /var/www/portfolio/releases/20190302142334/tmp/cache ]
 DEBUG [a934ec78] Finished in 0.073 seconds with exit status 1 (failed).
 DEBUG [aec208d3] Running [ -d /var/www/portfolio/releases/20190302142334/tmp/cache ] as ec2-user@52.192.224.164
 DEBUG [aec208d3] Command: [ -d /var/www/portfolio/releases/20190302142334/tmp/cache ]
 DEBUG [e9fd976b] Finished in 0.072 seconds with exit status 1 (failed).
  INFO [a6f27935] Running /usr/bin/env ln -s /var/www/portfolio/shared/tmp/cache /var/www/portfolio/releases/20190302142334/tmp/cache as ec2-user@52.192.224.164
 DEBUG [a6f27935] Command: ( export RBENV_ROOT="$HOME/.rbenv" RBENV_VERSION="2.3.1" ; /usr/bin/env ln -s /var/www/portfolio/shared/tmp/cache /var/www/portfolio/releases/20190302142334/tmp/cache )
  INFO [9d07d819] Finished in 0.073 seconds with exit status 0 (successful).
 DEBUG [f3de110e] Running [ -L /var/www/portfolio/releases/20190302142334/tmp/sockets ] as ec2-user@52.192.224.164
 DEBUG [f3de110e] Command: [ -L /var/www/portfolio/releases/20190302142334/tmp/sockets ]
 DEBUG [1a509e73] Finished in 0.074 seconds with exit status 1 (failed).
 DEBUG [f42b9f10] Running [ -d /var/www/portfolio/releases/20190302142334/tmp/sockets ] as ec2-user@52.192.224.164
 DEBUG [f42b9f10] Command: [ -d /var/www/portfolio/releases/20190302142334/tmp/sockets ]
 DEBUG [aa044078] Finished in 0.072 seconds with exit status 1 (failed).
  INFO [9ac94aad] Running /usr/bin/env ln -s /var/www/portfolio/shared/tmp/sockets /var/www/portfolio/releases/20190302142334/tmp/sockets as ec2-user@52.192.224.164
 DEBUG [9ac94aad] Command: ( export RBENV_ROOT="$HOME/.rbenv" RBENV_VERSION="2.3.1" ; /usr/bin/env ln -s /var/www/portfolio/shared/tmp/sockets /var/www/portfolio/releases/20190302142334/tmp/sockets )
  INFO [03e38001] Finished in 0.081 seconds with exit status 0 (successful).
 DEBUG [a33dd871] Running [ -L /var/www/portfolio/releases/20190302142334/vendor/bundle ] as ec2-user@52.192.224.164
 DEBUG [a33dd871] Command: [ -L /var/www/portfolio/releases/20190302142334/vendor/bundle ]
 DEBUG [bacab4bc] Finished in 0.073 seconds with exit status 1 (failed).
 DEBUG [1390ce28] Running [ -d /var/www/portfolio/releases/20190302142334/vendor/bundle ] as ec2-user@52.192.224.164
 DEBUG [1390ce28] Command: [ -d /var/www/portfolio/releases/20190302142334/vendor/bundle ]
 DEBUG [4751aa58] Finished in 0.072 seconds with exit status 1 (failed).
  INFO [6656abd8] Running /usr/bin/env ln -s /var/www/portfolio/shared/vendor/bundle /var/www/portfolio/releases/20190302142334/vendor/bundle as ec2-user@52.192.224.164
 DEBUG [6656abd8] Command: ( export RBENV_ROOT="$HOME/.rbenv" RBENV_VERSION="2.3.1" ; /usr/bin/env ln -s /var/www/portfolio/shared/vendor/bundle /var/www/portfolio/releases/20190302142334/vendor/bundle )
  INFO [f2fce878] Finished in 0.072 seconds with exit status 0 (successful).
 DEBUG [595dd9b6] Running [ -L /var/www/portfolio/releases/20190302142334/public/system ] as ec2-user@52.192.224.164
 DEBUG [595dd9b6] Command: [ -L /var/www/portfolio/releases/20190302142334/public/system ]
 DEBUG [9b056c06] Finished in 0.071 seconds with exit status 1 (failed).
 DEBUG [8b931942] Running [ -d /var/www/portfolio/releases/20190302142334/public/system ] as ec2-user@52.192.224.164
 DEBUG [8b931942] Command: [ -d /var/www/portfolio/releases/20190302142334/public/system ]
 DEBUG [fc2eb5f3] Finished in 0.081 seconds with exit status 1 (failed).
  INFO [86c4aae1] Running /usr/bin/env ln -s /var/www/portfolio/shared/public/system /var/www/portfolio/releases/20190302142334/public/system as ec2-user@52.192.224.164
 DEBUG [86c4aae1] Command: ( export RBENV_ROOT="$HOME/.rbenv" RBENV_VERSION="2.3.1" ; /usr/bin/env ln -s /var/www/portfolio/shared/public/system /var/www/portfolio/releases/20190302142334/public/system )
  INFO [7ac7a230] Finished in 0.070 seconds with exit status 0 (successful).
 DEBUG [bb3626cd] Running [ -L /var/www/portfolio/releases/20190302142334/public/uploads ] as ec2-user@52.192.224.164
 DEBUG [bb3626cd] Command: [ -L /var/www/portfolio/releases/20190302142334/public/uploads ]
 DEBUG [9366342a] Finished in 0.155 seconds with exit status 1 (failed).
 DEBUG [4cd0abbf] Running [ -d /var/www/portfolio/releases/20190302142334/public/uploads ] as ec2-user@52.192.224.164
 DEBUG [4cd0abbf] Command: [ -d /var/www/portfolio/releases/20190302142334/public/uploads ]
 DEBUG [73168ce8] Finished in 0.072 seconds with exit status 0 (successful).
  INFO [3f042a8f] Running /usr/bin/env rm -rf /var/www/portfolio/releases/20190302142334/public/uploads as ec2-user@52.192.224.164
 DEBUG [3f042a8f] Command: ( export RBENV_ROOT="$HOME/.rbenv" RBENV_VERSION="2.3.1" ; /usr/bin/env rm -rf /var/www/portfolio/releases/20190302142334/public/uploads )
  INFO [2d197101] Finished in 0.073 seconds with exit status 0 (successful).
  INFO [27ccd7a8] Running /usr/bin/env ln -s /var/www/portfolio/shared/public/uploads /var/www/portfolio/releases/20190302142334/public/uploads as ec2-user@52.192.224.164
 DEBUG [27ccd7a8] Command: ( export RBENV_ROOT="$HOME/.rbenv" RBENV_VERSION="2.3.1" ; /usr/bin/env ln -s /var/www/portfolio/shared/public/uploads /var/www/portfolio/releases/20190302142334/public/uploads )
  INFO [4cb72bdf] Finished in 0.083 seconds with exit status 0 (successful).
 DEBUG [f23b17f1] Running [ -L /var/www/portfolio/releases/20190302142334/public/assets ] as ec2-user@52.192.224.164
 DEBUG [f23b17f1] Command: [ -L /var/www/portfolio/releases/20190302142334/public/assets ]
 DEBUG [3491701d] Finished in 0.074 seconds with exit status 1 (failed).
 DEBUG [0ec93ad1] Running [ -d /var/www/portfolio/releases/20190302142334/public/assets ] as ec2-user@52.192.224.164
 DEBUG [0ec93ad1] Command: [ -d /var/www/portfolio/releases/20190302142334/public/assets ]
 DEBUG [ad6b4a01] Finished in 0.073 seconds with exit status 1 (failed).
  INFO [69e06a28] Running /usr/bin/env ln -s /var/www/portfolio/shared/public/assets /var/www/portfolio/releases/20190302142334/public/assets as ec2-user@52.192.224.164
 DEBUG [69e06a28] Command: ( export RBENV_ROOT="$HOME/.rbenv" RBENV_VERSION="2.3.1" ; /usr/bin/env ln -s /var/www/portfolio/shared/public/assets /var/www/portfolio/releases/20190302142334/public/assets )
  INFO [612ba4f7] Finished in 0.075 seconds with exit status 0 (successful).
 DEBUG [9194db8f] Running if test ! -d /var/www/portfolio/releases/20190302142334; then echo "Directory does not exist '/var/www/portfolio/releases/20190302142334'" 1>&2; false; fi as ec2-user@52.192.224.164
 DEBUG [9194db8f] Command: if test ! -d /var/www/portfolio/releases/20190302142334; then echo "Directory does not exist '/var/www/portfolio/releases/20190302142334'" 1>&2; false; fi
 DEBUG [390b7ee5] Finished in 0.085 seconds with exit status 0 (successful).
 DEBUG [93c360df] Running $HOME/.rbenv/bin/rbenv exec bundle check --path /var/www/portfolio/shared/bundle as ec2-user@52.192.224.164
 DEBUG [93c360df] Command: cd /var/www/portfolio/releases/20190302142334 && ( export RBENV_ROOT="$HOME/.rbenv" RBENV_VERSION="2.3.1" ; $HOME/.rbenv/bin/rbenv exec bundle check --path /var/www/portfolio/shared/bundle )
 DEBUG [16debfa3] 	The dependency tzinfo-data (>= 0) will be unused by any of the platforms Bundler is installing for. Bundler is installing for ruby but the dependency is only for x86-mingw32, x86-mswin32, x64-mingw32, java. To add those platforms to the bundle, run `bundle lock --add-platform x86-mingw32 x86-mswin32 x64-mingw32 java`.
 DEBUG [16debfa3] 	The following gems are missing
 DEBUG [16debfa3] 	 * nokogiri (1.10.1)
 DEBUG [16debfa3] 	 * rails-dom-testing (2.0.3)
 DEBUG [16debfa3] 	 * loofah (2.2.3)
 DEBUG [16debfa3] 	 * rails-html-sanitizer (1.0.4)
 DEBUG [16debfa3] 	 * actionview (5.0.7.1)
 DEBUG [16debfa3] 	 * actionpack (5.0.7.1)
 DEBUG [16debfa3] 	 * actioncable (5.0.7.1)
 DEBUG [16debfa3] 	 * activejob (5.0.7.1)
 DEBUG [16debfa3] 	 * actionmailer (5.0.7.1)
 DEBUG [16debfa3] 	 * activerecord (5.0.7.1)
 DEBUG [16debfa3] 	 * net-ssh (5.1.0)
 DEBUG [16debfa3] 	 * net-scp (1.2.1)
 DEBUG [16debfa3] 	 * sshkit (1.18.2)
 DEBUG [16debfa3] 	 * airbrussh (1.3.1)
 DEBUG [16debfa3] 	 * bindex (0.5.0)
 DEBUG [16debfa3] 	 * byebug (11.0.0)
 DEBUG [16debfa3] 	 * capistrano (3.11.0)
 DEBUG [16debfa3] 	 * capistrano-bundler (1.5.0)
 DEBUG [16debfa3] 	 * capistrano-rails (1.4.0)
 DEBUG [16debfa3] 	 * capistrano-rbenv (2.1.4)
 DEBUG [16debfa3] 	 * capistrano3-unicorn (0.2.1)
 DEBUG [16debfa3] 	 * carrierwave (1.3.1)
 DEBUG [16debfa3] 	 * coderay (1.1.2)
 DEBUG [16debfa3] 	 * railties (5.0.7.1)
 DEBUG [16debfa3] 	 * coffee-rails (4.2.2)
 DEBUG [16debfa3] 	 * responders (2.4.0)
 DEBUG [16debfa3] 	 * devise (4.5.0)
 DEBUG [16debfa3] 	 * html2haml (2.2.0)
 DEBUG [16debfa3] 	 * erb2haml (0.1.5)
 DEBUG [16debfa3] 	 * haml-rails (1.0.0)
 DEBUG [16debfa3] 	 * jquery-rails (4.3.3)
 DEBUG [16debfa3] 	 * listen (3.0.8)
 DEBUG [16debfa3] 	 * pry (0.12.2)
 DEBUG [16debfa3] 	 * pry-byebug (3.7.0)
 DEBUG [16debfa3] 	 * pry-rails (0.3.9)
 DEBUG [16debfa3] 	 * sprockets-rails (3.2.1)
 DEBUG [16debfa3] 	 * rails (5.0.7.1)
 DEBUG [16debfa3] 	 * sass (3.7.3)
 DEBUG [16debfa3] 	 * sass-rails (5.0.7)
 DEBUG [16debfa3] 	 * spring (2.0.2)
 DEBUG [16debfa3] 	 * spring-watcher-listen (2.0.1)
 DEBUG [16debfa3] 	 * web-console (3.7.0)
 DEBUG [16debfa3] 	Install missing gems with `bundle install`
 DEBUG [16debfa3] Finished in 0.347 seconds with exit status 1 (failed).
  INFO [ec8dd66f] Running $HOME/.rbenv/bin/rbenv exec bundle install --path /var/www/portfolio/shared/bundle --jobs 4 --without development test --deployment --quiet as ec2-user@52.192.224.164
 DEBUG [ec8dd66f] Command: cd /var/www/portfolio/releases/20190302142334 && ( export RBENV_ROOT="$HOME/.rbenv" RBENV_VERSION="2.3.1" ; $HOME/.rbenv/bin/rbenv exec bundle install --path /var/www/portfolio/shared/bundle --jobs 4 --without development test --deployment --quiet )
  INFO [98f32bcb] Finished in 37.923 seconds with exit status 0 (successful).
 DEBUG [d3430107] Running if test ! -d /var/www/portfolio/releases/20190302142334; then echo "Directory does not exist '/var/www/portfolio/releases/20190302142334'" 1>&2; false; fi as ec2-user@52.192.224.164
 DEBUG [d3430107] Command: if test ! -d /var/www/portfolio/releases/20190302142334; then echo "Directory does not exist '/var/www/portfolio/releases/20190302142334'" 1>&2; false; fi
 DEBUG [75392065] Finished in 0.096 seconds with exit status 0 (successful).
  INFO [dda9ee81] Running $HOME/.rbenv/bin/rbenv exec bundle exec rake assets:precompile as ec2-user@52.192.224.164
 DEBUG [dda9ee81] Command: cd /var/www/portfolio/releases/20190302142334 && ( export RBENV_ROOT="$HOME/.rbenv" RBENV_VERSION="2.3.1" RAILS_ENV="production" RAILS_GROUPS="" ; $HOME/.rbenv/bin/rbenv exec bundle exec rake assets:precompile )
 DEBUG [f761ac79] 	I, [2019-03-02T14:24:25.310775 #1768]  INFO -- : Writing /var/www/portfolio/releases/20190302142334/public/assets/application-d381043c72860f1989d9dca7c7b10d039f7c16b94419a2226a8b48ea6b9847a7.js
 DEBUG [f761ac79] 	I, [2019-03-02T14:24:25.330543 #1768]  INFO -- : Writing /var/www/portfolio/releases/20190302142334/public/assets/application-d381043c72860f1989d9dca7c7b10d039f7c16b94419a2226a8b48ea6b9847a7.js.gz
 DEBUG [f761ac79] 	I, [2019-03-02T14:24:25.509519 #1768]  INFO -- : Writing /var/www/portfolio/releases/20190302142334/public/assets/application-e7072cb93993915edeffcebe0cfebe724de990779b1ae6e5596b8e8ecc361b85.css
 DEBUG [f761ac79] 	I, [2019-03-02T14:24:25.509945 #1768]  INFO -- : Writing /var/www/portfolio/releases/20190302142334/public/assets/application-e7072cb93993915edeffcebe0cfebe724de990779b1ae6e5596b8e8ecc361b85.css.gz
  INFO [f761ac79] Finished in 8.655 seconds with exit status 0 (successful).
 DEBUG [380f8c6b] Running if test ! -d /var/www/portfolio/releases/20190302142334; then echo "Directory does not exist '/var/www/portfolio/releases/20190302142334'" 1>&2; false; fi as ec2-user@52.192.224.164
 DEBUG [380f8c6b] Command: if test ! -d /var/www/portfolio/releases/20190302142334; then echo "Directory does not exist '/var/www/portfolio/releases/20190302142334'" 1>&2; false; fi
 DEBUG [7b8e6a71] Finished in 0.073 seconds with exit status 0 (successful).
  INFO [6a47ab82] Running /usr/bin/env mkdir -p /var/www/portfolio/releases/20190302142334/assets_manifest_backup as ec2-user@52.192.224.164
 DEBUG [6a47ab82] Command: cd /var/www/portfolio/releases/20190302142334 && ( export RBENV_ROOT="$HOME/.rbenv" RBENV_VERSION="2.3.1" ; /usr/bin/env mkdir -p /var/www/portfolio/releases/20190302142334/assets_manifest_backup )
  INFO [2d109799] Finished in 0.087 seconds with exit status 0 (successful).
 DEBUG [08c65ae3] Running /usr/bin/env ls /var/www/portfolio/releases/20190302142334/public/assets/.sprockets-manifest* as ec2-user@52.192.224.164
 DEBUG [08c65ae3] Command: cd /var/www/portfolio/releases/20190302142334 && ( export RBENV_ROOT="$HOME/.rbenv" RBENV_VERSION="2.3.1" ; /usr/bin/env ls /var/www/portfolio/releases/20190302142334/public/assets/.sprockets-manifest* )
 DEBUG [daab249d] 	/var/www/portfolio/releases/20190302142334/public/assets/.sprockets-manifest-2c4ca28d8dfc95eab56e7d94211afe32.json
 DEBUG [daab249d] Finished in 0.073 seconds with exit status 0 (successful).
 DEBUG [ef0619af] Running /usr/bin/env ls /var/www/portfolio/releases/20190302142334/public/assets/.sprockets-manifest* as ec2-user@52.192.224.164
 DEBUG [ef0619af] Command: cd /var/www/portfolio/releases/20190302142334 && ( export RBENV_ROOT="$HOME/.rbenv" RBENV_VERSION="2.3.1" ; /usr/bin/env ls /var/www/portfolio/releases/20190302142334/public/assets/.sprockets-manifest* )
 DEBUG [ec310509] 	/var/www/portfolio/releases/20190302142334/public/assets/.sprockets-manifest-2c4ca28d8dfc95eab56e7d94211afe32.json
 DEBUG [ec310509] Finished in 0.076 seconds with exit status 0 (successful).
  INFO [1c36c8ea] Running /usr/bin/env cp /var/www/portfolio/releases/20190302142334/public/assets/.sprockets-manifest-2c4ca28d8dfc95eab56e7d94211afe32.json /var/www/portfolio/releases/20190302142334/assets_manifest_backup as ec2-user@52.192.224.164
 DEBUG [1c36c8ea] Command: cd /var/www/portfolio/releases/20190302142334 && ( export RBENV_ROOT="$HOME/.rbenv" RBENV_VERSION="2.3.1" ; /usr/bin/env cp /var/www/portfolio/releases/20190302142334/public/assets/.sprockets-manifest-2c4ca28d8dfc95eab56e7d94211afe32.json /var/www/portfolio/releases/20190302142334/assets_manifest_backup )
  INFO [cd4aa441] Finished in 0.074 seconds with exit status 0 (successful).
  INFO [deploy:migrate] Run `rake db:migrate`
 DEBUG [f28e1564] Running if test ! -d /var/www/portfolio/releases/20190302142334; then echo "Directory does not exist '/var/www/portfolio/releases/20190302142334'" 1>&2; false; fi as ec2-user@52.192.224.164
 DEBUG [f28e1564] Command: if test ! -d /var/www/portfolio/releases/20190302142334; then echo "Directory does not exist '/var/www/portfolio/releases/20190302142334'" 1>&2; false; fi
 DEBUG [3e06b6bb] Finished in 0.072 seconds with exit status 0 (successful).
  INFO [3c38f609] Running $HOME/.rbenv/bin/rbenv exec bundle exec rake db:migrate as ec2-user@52.192.224.164
 DEBUG [3c38f609] Command: cd /var/www/portfolio/releases/20190302142334 && ( export RBENV_ROOT="$HOME/.rbenv" RBENV_VERSION="2.3.1" RAILS_ENV="production" ; $HOME/.rbenv/bin/rbenv exec bundle exec rake db:migrate )
  INFO [ff121e87] Finished in 1.929 seconds with exit status 0 (successful).
  INFO [2536a6a8] Running /usr/bin/env ln -s /var/www/portfolio/releases/20190302142334 /var/www/portfolio/releases/current as ec2-user@52.192.224.164
 DEBUG [2536a6a8] Command: ( export RBENV_ROOT="$HOME/.rbenv" RBENV_VERSION="2.3.1" ; /usr/bin/env ln -s /var/www/portfolio/releases/20190302142334 /var/www/portfolio/releases/current )
  INFO [9ea01fe7] Finished in 0.073 seconds with exit status 0 (successful).
  INFO [effb8f18] Running /usr/bin/env mv /var/www/portfolio/releases/current /var/www/portfolio as ec2-user@52.192.224.164
 DEBUG [effb8f18] Command: ( export RBENV_ROOT="$HOME/.rbenv" RBENV_VERSION="2.3.1" ; /usr/bin/env mv /var/www/portfolio/releases/current /var/www/portfolio )
  INFO [0964d2fb] Finished in 0.071 seconds with exit status 0 (successful).
 DEBUG [3755cb67] Running if test ! -d /var/www/portfolio/current; then echo "Directory does not exist '/var/www/portfolio/current'" 1>&2; false; fi as ec2-user@52.192.224.164
 DEBUG [3755cb67] Command: if test ! -d /var/www/portfolio/current; then echo "Directory does not exist '/var/www/portfolio/current'" 1>&2; false; fi
 DEBUG [203c2230] Finished in 0.068 seconds with exit status 0 (successful).
 DEBUG [64613d12] Running [ -e /var/www/portfolio/shared/tmp/pids/unicorn.pid ] && kill -0 `cat /var/www/portfolio/shared/tmp/pids/unicorn.pid` as ec2-user@52.192.224.164
 DEBUG [64613d12] Command: [ -e /var/www/portfolio/shared/tmp/pids/unicorn.pid ] && kill -0 `cat /var/www/portfolio/shared/tmp/pids/unicorn.pid`
 DEBUG [b28fad2d] Finished in 0.156 seconds with exit status 1 (failed).
  INFO [2d54410c] Running $HOME/.rbenv/bin/rbenv exec bundle exec unicorn -c /var/www/portfolio/current/config/unicorn.rb -E deployment -D  as ec2-user@52.192.224.164
 DEBUG [2d54410c] Command: cd /var/www/portfolio/current && ( export RBENV_ROOT="$HOME/.rbenv" RBENV_VERSION="2.3.1" RAILS_ENV="production" ; $HOME/.rbenv/bin/rbenv exec bundle exec unicorn -c /var/www/portfolio/current/config/unicorn.rb -E deployment -D  )
  INFO [ee70a196] Finished in 2.148 seconds with exit status 0 (successful).
 DEBUG [57924526] Running if test ! -d /var/www/portfolio/current; then echo "Directory does not exist '/var/www/portfolio/current'" 1>&2; false; fi as ec2-user@52.192.224.164
 DEBUG [57924526] Command: if test ! -d /var/www/portfolio/current; then echo "Directory does not exist '/var/www/portfolio/current'" 1>&2; false; fi
 DEBUG [bd63e6a8] Finished in 0.071 seconds with exit status 0 (successful).
  INFO unicorn restarting...
  INFO [291337fb] Running /usr/bin/env kill -s USR2 `cat /var/www/portfolio/shared/tmp/pids/unicorn.pid` as ec2-user@52.192.224.164
 DEBUG [291337fb] Command: cd /var/www/portfolio/current && ( export RBENV_ROOT="$HOME/.rbenv" RBENV_VERSION="2.3.1" ; /usr/bin/env kill -s USR2 `cat /var/www/portfolio/shared/tmp/pids/unicorn.pid` )
  INFO [ce53079f] Finished in 0.078 seconds with exit status 0 (successful).
 DEBUG [a0385a75] Running /usr/bin/env ls -x /var/www/portfolio/releases as ec2-user@52.192.224.164
 DEBUG [a0385a75] Command: ( export RBENV_ROOT="$HOME/.rbenv" RBENV_VERSION="2.3.1" ; /usr/bin/env ls -x /var/www/portfolio/releases )
 DEBUG [7b81f5a6] 	20190302140310	20190302142334
 DEBUG [7b81f5a6] Finished in 0.122 seconds with exit status 0 (successful).
 DEBUG [1d052943] Running if test ! -d /var/www/portfolio/releases; then echo "Directory does not exist '/var/www/portfolio/releases'" 1>&2; false; fi as ec2-user@52.192.224.164
 DEBUG [1d052943] Command: if test ! -d /var/www/portfolio/releases; then echo "Directory does not exist '/var/www/portfolio/releases'" 1>&2; false; fi
 DEBUG [bec5e551] Finished in 0.107 seconds with exit status 0 (successful).
  INFO [b1988f03] Running /usr/bin/env echo "Branch master (at 52085c473d7034a8f0861cdce3a604697375dda0) deployed as release 20190302142334 by tabatayuuta" >> /var/www/portfolio/revisions.log as ec2-user@52.192.224.164
 DEBUG [b1988f03] Command: cd /var/www/portfolio/releases && ( export RBENV_ROOT="$HOME/.rbenv" RBENV_VERSION="2.3.1" ; /usr/bin/env echo "Branch master (at 52085c473d7034a8f0861cdce3a604697375dda0) deployed as release 20190302142334 by tabatayuuta" >> /var/www/portfolio/revisions.log )
  INFO [7fc230fd] Finished in 0.110 seconds with exit status 0 (successful).
